Connecting to database specified by database.yml
Connecting to database specified by database.yml
Connecting to database specified by database.yml
Connecting to database specified by database.yml
Connecting to database specified by database.yml
  [1m[36m (0.1ms)[0m  [1mselect sqlite_version(*)[0m
  [1m[35m (142.4ms)[0m  CREATE TABLE "schema_migrations" ("version" varchar(255) NOT NULL) 
  [1m[36m (146.5ms)[0m  [1mCREATE UNIQUE INDEX "unique_schema_migrations" ON "schema_migrations" ("version")[0m
  [1m[35m (2.1ms)[0m  SELECT "schema_migrations"."version" FROM "schema_migrations" 
Migrating to DeviseCreateUsers (20130619103046)
  [1m[36m (0.1ms)[0m  [1mbegin transaction[0m
  [1m[35m (0.2ms)[0m  CREATE TABLE "users" ("id" INTEGER PRIMARY KEY AUTOINCREMENT NOT NULL, "email" varchar(255) DEFAULT '' NOT NULL, "encrypted_password" varchar(255) DEFAULT '' NOT NULL, "reset_password_token" varchar(255), "reset_password_sent_at" datetime, "remember_created_at" datetime, "sign_in_count" integer DEFAULT 0, "current_sign_in_at" datetime, "last_sign_in_at" datetime, "current_sign_in_ip" varchar(255), "last_sign_in_ip" varchar(255), "created_at" datetime NOT NULL, "updated_at" datetime NOT NULL) 
  [1m[36m (0.1ms)[0m  [1mCREATE UNIQUE INDEX "index_users_on_email" ON "users" ("email")[0m
  [1m[35m (0.1ms)[0m  CREATE UNIQUE INDEX "index_users_on_reset_password_token" ON "users" ("reset_password_token")
  [1m[36m (0.1ms)[0m  [1mINSERT INTO "schema_migrations" ("version") VALUES ('20130619103046')[0m
  [1m[35m (132.0ms)[0m  commit transaction
  [1m[36m (0.1ms)[0m  [1mSELECT "schema_migrations"."version" FROM "schema_migrations" [0m
Connecting to database specified by database.yml
  [1m[36m (0.7ms)[0m  [1mSELECT "schema_migrations"."version" FROM "schema_migrations" [0m
Migrating to DeviseCreateUsers (20130619103046)
  [1m[35m (0.1ms)[0m  select sqlite_version(*)
  [1m[36m (0.1ms)[0m  [1mSELECT "schema_migrations"."version" FROM "schema_migrations" [0m
Connecting to database specified by database.yml
Connecting to database specified by database.yml


Started GET "/" for 127.0.0.1 at 2013-06-19 16:08:53 +0530
Processing by WelcomeController#index as HTML
  Rendered welcome/index.html.erb within layouts/application (3.3ms)
Compiled welcome.css  (4ms)  (pid 16545)
Compiled application.css  (8ms)  (pid 16545)
Compiled jquery.js  (1ms)  (pid 16545)
Compiled jquery_ujs.js  (0ms)  (pid 16545)
Compiled welcome.js  (44ms)  (pid 16545)
Compiled application.js  (70ms)  (pid 16545)
Completed 200 OK in 181ms (Views: 180.3ms | ActiveRecord: 0.0ms)


Started GET "/" for 127.0.0.1 at 2013-06-19 16:08:53 +0530
Processing by WelcomeController#index as */*
  Rendered welcome/index.html.erb within layouts/application (1.1ms)
Completed 200 OK in 10ms (Views: 10.2ms | ActiveRecord: 0.0ms)


Started GET "/assets/jquery.js?body=1" for 127.0.0.1 at 2013-06-19 16:08:53 +0530
Served asset /jquery.js - 200 OK (33ms)


Started GET "/assets/application.css?body=1" for 127.0.0.1 at 2013-06-19 16:08:53 +0530
Served asset /application.css - 200 OK (4ms)


Started GET "/assets/welcome.css?body=1" for 127.0.0.1 at 2013-06-19 16:08:53 +0530
Served asset /welcome.css - 200 OK (2ms)


Started GET "/assets/jquery_ujs.js?body=1" for 127.0.0.1 at 2013-06-19 16:08:53 +0530
Served asset /jquery_ujs.js - 200 OK (2ms)


Started GET "/assets/application.js?body=1" for 127.0.0.1 at 2013-06-19 16:08:53 +0530
Served asset /application.js - 200 OK (4ms)


Started GET "/assets/welcome.js?body=1" for 127.0.0.1 at 2013-06-19 16:08:53 +0530
Served asset /welcome.js - 200 OK (1ms)


Started GET "/users/sign_up" for 127.0.0.1 at 2013-06-19 16:08:56 +0530
Processing by Devise::RegistrationsController#new as HTML
  Rendered /home/sai.kiran/.gem/ruby/1.9.3/gems/devise-2.2.4/app/views/devise/shared/_links.erb (1.1ms)
  Rendered /home/sai.kiran/.gem/ruby/1.9.3/gems/devise-2.2.4/app/views/devise/registrations/new.html.erb within layouts/application (10.0ms)
Completed 200 OK in 81ms (Views: 30.1ms | ActiveRecord: 1.2ms)


Started GET "/users/sign_up" for 127.0.0.1 at 2013-06-19 16:08:56 +0530
Processing by Devise::RegistrationsController#new as */*
  Rendered /home/sai.kiran/.gem/ruby/1.9.3/gems/devise-2.2.4/app/views/devise/shared/_links.erb (0.4ms)
  Rendered /home/sai.kiran/.gem/ruby/1.9.3/gems/devise-2.2.4/app/views/devise/registrations/new.html.erb within layouts/application (2.5ms)
Completed 200 OK in 10ms (Views: 9.6ms | ActiveRecord: 0.0ms)


Started GET "/users/sign_in" for 127.0.0.1 at 2013-06-19 16:08:58 +0530
Processing by Devise::SessionsController#new as HTML
  Rendered /home/sai.kiran/.gem/ruby/1.9.3/gems/devise-2.2.4/app/views/devise/shared/_links.erb (1.0ms)
  Rendered /home/sai.kiran/.gem/ruby/1.9.3/gems/devise-2.2.4/app/views/devise/sessions/new.html.erb within layouts/application (6.4ms)
Completed 200 OK in 20ms (Views: 19.7ms | ActiveRecord: 0.0ms)


Started GET "/users/sign_in" for 127.0.0.1 at 2013-06-19 16:08:58 +0530
Processing by Devise::SessionsController#new as */*
  Rendered /home/sai.kiran/.gem/ruby/1.9.3/gems/devise-2.2.4/app/views/devise/shared/_links.erb (0.4ms)
  Rendered /home/sai.kiran/.gem/ruby/1.9.3/gems/devise-2.2.4/app/views/devise/sessions/new.html.erb within layouts/application (2.6ms)
Completed 200 OK in 10ms (Views: 8.9ms | ActiveRecord: 0.0ms)
